<?xml version="1.0" encoding="UTF-8"?>
<!-- Generated by org.testng.reporters.JUnitReportReporter -->
<testsuite skipped="0" hostname="INBLRWIT238540" name="Credentials.InvalidLogin$ValidateCredentialsTest" tests="1" failures="0" timestamp="16 Mar 2020 05:21:51 GMT" time="6.066" errors="0">
  <testcase name="InvalidcredentialTest" time="6.066" classname="Credentials.InvalidLogin$ValidateCredentialsTest"/>
</testsuite> <!-- Credentials.InvalidLogin$ValidateCredentialsTest -->
