<?xml version="1.0" encoding="UTF-8"?>
<!-- Generated by org.testng.reporters.JUnitReportReporter -->
<testsuite skipped="0" hostname="INBLRWIT238540" name="Credentials.InvalidLogin$ValidateCredentialsTest" tests="1" failures="0" timestamp="13 Mar 2020 12:05:31 GMT" time="5.417" errors="0">
  <testcase name="InvalidcredentialTest" time="5.417" classname="Credentials.InvalidLogin$ValidateCredentialsTest"/>
</testsuite> <!-- Credentials.InvalidLogin$ValidateCredentialsTest -->
